Log file open, 10/18/14 13:39:23
LogInit:Display: Running engine for game: FunWithVR
LogInit: Version: 4.5.0-2326478+++depot+UE4-Releases+4.5
LogInit: API Version: 2326478
LogInit: Compiled (64-bit): Oct 11 2014 09:24:31
LogInit: Compiled with Visual C++: 18.00.21005.01
LogInit: Build Configuration: Development
LogInit: Branch Name: ++depot+UE4-Releases+4.5
LogInit: Command line:  
LogInit: Base directory: D:/Program Files/Unreal Engine/4.5/Engine/Binaries/Win64/
LogInit: Rocket: 1
[2014.10.18-17.39.23:233][  0]LogTaskGraph: Started task graph with 3 named threads and 6 total threads.
[2014.10.18-17.39.23:284][  0]LogOnline:Warning: No default platform service specified for OnlineSubsystem
[2014.10.18-17.39.23:299][  0]LogInit: Presizing for 0 objects not considered by GC, pre-allocating 0 bytes.
[2014.10.18-17.39.23:307][  0]LogInit: Object subsystem initialized
[2014.10.18-17.39.23:310][  0]LogConsoleResponse:Warning: Skipping Unknown console variable: 'UIScaleRule = ShortestSide'
[2014.10.18-17.39.23:310][  0]LogConsoleResponse:Warning:   Found in ini file 'D:/git/FunWithVR/Saved/Config/Windows/Engine.ini', in section '[/Script/Engine.RendererSettings]'
[2014.10.18-17.39.23:310][  0]LogConsoleResponse:Warning: Skipping Unknown console variable: 'UIScaleCurve = (EditorCurveData=(Keys=((Time=480,Value=0.444),(Time=720,Value=0.666),(Time=1080,Value=1.0),(Time=8640,Value=8.0))),ExternalCurve=None)'
[2014.10.18-17.39.23:310][  0]LogConsoleResponse:Warning:   Found in ini file 'D:/git/FunWithVR/Saved/Config/Windows/Engine.ini', in section '[/Script/Engine.RendererSettings]'
[2014.10.18-17.39.23:311][  0]LogInit: Selected Device Profile: [Windows]
[2014.10.18-17.39.23:311][  0]LogInit: Applying CVar settings loaded from the selected device profile: [Windows]
[2014.10.18-17.39.23:315][  0]LogInit: Computer: RUSS-DESKTOP
[2014.10.18-17.39.23:315][  0]LogInit: User: russe000
[2014.10.18-17.39.23:317][  0]LogInit: CPU Page size=4096, Cores=6
[2014.10.18-17.39.23:317][  0]LogInit: High frequency timer resolution =3.126770 MHz
[2014.10.18-17.39.23:317][  0]LogMemory: Memory total: Physical=31.9GB (32GB approx) Virtual=131072.0GB
[2014.10.18-17.39.23:317][  0]LogMemory: Platform Memory Stats for Windows
[2014.10.18-17.39.23:317][  0]LogMemory: Process Physical Memory: 63.20 MB used, 63.20 MB peak
[2014.10.18-17.39.23:317][  0]LogMemory: Process Virtual Memory: 38.70 MB used, 38.70 MB peak
[2014.10.18-17.39.23:317][  0]LogMemory: Physical Memory: 10222.84 MB used, 32706.90 MB total
[2014.10.18-17.39.23:317][  0]LogMemory: Virtual Memory: 279.62 MB used, 134217728.00 MB total
[2014.10.18-17.39.23:339][  0]LogD3D11RHI: Found D3D11 adapter 0: NVIDIA GeForce GTX 580 (Feature Level 11_0)
[2014.10.18-17.39.23:339][  0]LogD3D11RHI: Adapter has 2954MB of dedicated video memory, 0MB of dedicated system memory, and 16353MB of shared system memory, 2 output[s]
[2014.10.18-17.39.23:350][  0]LogD3D11RHI: Found D3D11 adapter 1: NVIDIA GeForce GTX 580 (Feature Level 11_0)
[2014.10.18-17.39.23:350][  0]LogD3D11RHI: Adapter has 2954MB of dedicated video memory, 0MB of dedicated system memory, and 16353MB of shared system memory, 2 output[s]
[2014.10.18-17.39.23:351][  0]LogD3D11RHI: Found D3D11 adapter 2: Microsoft Basic Render Driver (Feature Level 11_0)
[2014.10.18-17.39.23:351][  0]LogD3D11RHI: Adapter has 0MB of dedicated video memory, 0MB of dedicated system memory, and 256MB of shared system memory, 0 output[s]
[2014.10.18-17.39.23:351][  0]LogD3D11RHI: Chosen D3D11 Adapter Id = 0
[2014.10.18-17.39.23:356][  0]LogRHI: Texture pool is 1361 MB (70% of 1945 MB)
[2014.10.18-17.39.23:363][  0]LogD3D11RHI: Async texture creation enabled
[2014.10.18-17.39.23:415][  0]LogTextLocalizationManager: The requested culture ('en_US') has no localization data; parent culture's ('en') localization data will be used.
[2014.10.18-17.39.23:535][  0]LogContentStreaming: Texture pool size is 0.000000MB
[2014.10.18-17.39.27:640][  0]LogTargetPlatformManager:Display: Building Assets For Windows
[2014.10.18-17.39.28:015][  0]LogTargetPlatformManager:Display: Building Assets For Windows
[2014.10.18-17.39.28:057][  0]LogDerivedDataCache:Display: Max Cache Size: 512 MB
[2014.10.18-17.39.28:094][  0]LogDerivedDataCache: Loaded boot cache 0.04s 39MB D:/Users/russe_000/AppData/Local/UnrealEngine/4.5/DerivedDataCache/Boot.ddc.
[2014.10.18-17.39.28:094][  0]LogDerivedDataCache:Display: Loaded Boot cache: D:/Users/russe_000/AppData/Local/UnrealEngine/4.5/DerivedDataCache/Boot.ddc
[2014.10.18-17.39.28:094][  0]LogDerivedDataCache: FDerivedDataBackendGraph:  Pak pak cache file ../../../../../../git/FunWithVR/DerivedDataCache/DDC.ddp not found, will not use a pak cache.
[2014.10.18-17.39.28:094][  0]LogDerivedDataCache: Unable to find inner node Pak for hierarchical cache Hierarchy.
[2014.10.18-17.39.28:151][  0]LogDerivedDataCache:Display: Pak cache opened for reading ../../../Engine/DerivedDataCache/DDC.ddp.
[2014.10.18-17.39.28:163][  0]LogDerivedDataCache: Using Local data cache path D:/Users/russe_000/AppData/Local/UnrealEngine/Common/DerivedDataCache: Writable
[2014.10.18-17.39.28:310][  0]LogMeshUtilities: No automatic mesh reduction module available
[2014.10.18-17.39.28:310][  0]LogMeshUtilities: No automatic mesh merging module available
[2014.10.18-17.39.28:515][  0]LogLinker:Warning: Asset '../../../Engine/Content/Functions/Engine_MaterialFunctions02/Texturing/FlipBook.uasset' has been saved with empty engine version. The asset will be loaded but may be incompatible.
[2014.10.18-17.39.28:518][  0]LogLinker:Warning: Asset '../../../Engine/Content/Functions/Engine_MaterialFunctions02/ExampleContent/Textures/flipbook.uasset' has been saved with empty engine version. The asset will be loaded but may be incompatible.
[2014.10.18-17.39.28:664][  0]LogInit: WinSock: version 1.1 (2.2), MaxSocks=32767, MaxUdp=65467
[2014.10.18-17.39.29:359][  0]UdpMessaging: Initializing bridge on interface 0.0.0.0:0 to multicast group 230.0.0.1:6666.
[2014.10.18-17.39.29:608][  0]SourceControl: Info Source control is disabled
[2014.10.18-17.39.29:608][  0]SourceControl: Info Source control is disabled
[2014.10.18-17.39.29:613][  0]SourceControl: Info Source control is disabled
[2014.10.18-17.39.29:707][  0]LogObj: 23018 objects as part of root set at end of initial load.
[2014.10.18-17.39.29:707][  0]LogUObjectAllocator: 4823912 out of 0 bytes used by permanent object pool.
[2014.10.18-17.39.29:755][  0]LogEngine: Initializing Engine...
[2014.10.18-17.39.29:870][  0]LogInit: XAudio2 using 'Speakers (Sound Blaster Z)' : 6 channels at 48 kHz using 32 bits per sample (channel mask 0x3f)
[2014.10.18-17.39.29:877][  0]LogInit: FAudioDevice initialized.
[2014.10.18-17.39.29:892][  0]LogAIModule: Creating AISystem for world NewWorld
[2014.10.18-17.39.29:911][  0]LogDerivedDataCache: Saved boot cache 0.02s 39MB D:/Users/russe_000/AppData/Local/UnrealEngine/4.5/DerivedDataCache/Boot.ddc.
[2014.10.18-17.39.29:917][  0]LogInit: Texture streaming: Enabled
[2014.10.18-17.39.29:950][  0]LogInit: Transaction tracking system initialized
[2014.10.18-17.39.30:016][  0]BlueprintLog: New page: Editor Load
[2014.10.18-17.39.30:041][  0]LogAssetRegistry: FAssetRegistry took 0.0105 seconds to start up
[2014.10.18-17.39.30:041][  0]LogDirectoryWatcher:Warning: Failed to begin reading directory changes for ../../../Engine/Plugins/Experimental/CharacterAI/Content/. Error: 0
[2014.10.18-17.39.30:436][  0]LogTargetPlatformManager:Display: Building Assets For Windows
[2014.10.18-17.39.30:752][  0]LogTargetPlatformManager:Display: Building Assets For Windows
[2014.10.18-17.39.30:895][  0]LogConsoleResponse:Display: 
[2014.10.18-17.39.31:043][  0]SourceControl: Info Source control is disabled
[2014.10.18-17.39.31:043][  0]Cmd: MAP LOAD FILE="../../../../../../git/FunWithVR/Content/Maps/TheFunHouse.umap" TEMPLATE=0 SHOWPROGRESS=1
[2014.10.18-17.39.31:044][  0]LightingResults: New page: Lighting Build
[2014.10.18-17.39.31:050][  0]MapCheck: New page: Map Check
[2014.10.18-17.39.31:050][  0]LightingResults: New page: Lighting Build
[2014.10.18-17.39.31:057][  0]LogParticles: Destroying 0 GPU particle simulations for FXSystem 0x000000526A81BBA0
[2014.10.18-17.39.31:324][  0]LogTexture:Display: Building textures: HQ_Lightmap0_3 (AutoDXT)
[2014.10.18-17.39.31:330][  0]LogEditorServer: Finished looking for orphan Actors (0.000 secs)
[2014.10.18-17.39.31:330][  0]LogAIModule: Creating AISystem for world TheFunHouse
[2014.10.18-17.39.31:330][  0]Cmd: MAP CHECKDEP
[2014.10.18-17.39.31:330][  0]MapCheck: New page: TheFunHouse - Oct 18, 2014, 9:39:31 AM
[2014.10.18-17.39.31:398][  0]MapCheck: Info Map check complete: 0 Error(s), 0 Warning(s), took 68.082ms to complete.
[2014.10.18-17.39.31:398][  0]LogFileHelpers: Loading map 'TheFunHouse' took 0.355
[2014.10.18-17.39.31:492][  0]LogCollectionManager: Loaded 0 collections in 0.000843 seconds
[2014.10.18-17.39.31:588][  0]LogCrashTracker: Crashtracker disabled due to settings.
[2014.10.18-17.39.31:610][  0]LogUObjectGlobals:Warning: Failed to find object 'Class None.'
[2014.10.18-17.39.31:637][  0]LogLoad: Full Startup: 9.38 seconds (BP compile: 0.11 seconds)
[2014.10.18-17.39.31:979][  0]LogContentBrowser:Verbose: The content browser source was changed by the sources view to '/Game/Materials'
[2014.10.18-17.39.32:115][  0]LogRenderer:Warning: Reallocating scene render targets to support 1136x952.
[2014.10.18-17.39.32:649][  2]LogAssetRegistry: Asset discovery search completed in 2.6189 seconds
[2014.10.18-17.39.42:933][332]LogPlayLevel: PIE:  No blueprints needed recompiling
[2014.10.18-17.39.42:933][332]PIE: New page: PIE session: TheFunHouse (Oct 18, 2014, 9:39:42 AM)
[2014.10.18-17.39.42:937][332]LogPlayLevel: PIE: StaticDuplicateObject took: (0.003313s)
[2014.10.18-17.39.42:938][332]LogPlayLevel: PIE: World Init took: (0.000916s)
[2014.10.18-17.39.42:938][332]LogPlayLevel: PIE: Created PIE world by copying editor world from /Game/Maps/TheFunHouse.TheFunHouse to /Game/Maps/UEDPIE_0_TheFunHouse.TheFunHouse (0.004436s)
[2014.10.18-17.39.43:720][332]LogBlueprint:Warning: [compiler] Warning Function ' Get Player Controller ' is unsafe to call in a construction script.
[2014.10.18-17.39.43:771][332]LogBlueprint:Warning: [compiler] Warning [0021.51] Compile of ContextMenu successful, but with 1 Warning(s) [in 70 ms]
[2014.10.18-17.39.43:962][332]LogBlueprint:Warning: [compiler] Warning Unable to find function with name 'GetControlledPawn' for  Get Controlled Pawn 
[2014.10.18-17.39.43:962][332]LogBlueprint:Warning: [compiler] Warning Unable to find function with name 'GetControlledPawn' for  Get Controlled Pawn 
[2014.10.18-17.39.43:985][332]LogBlueprint:Warning: [compiler] Warning Could not find the function 'GetControlledPawn' called from  Get Controlled Pawn 
[2014.10.18-17.39.43:986][332]LogBlueprint:Warning: [compiler] Warning Could not find the function 'GetControlledPawn' called from  Get Controlled Pawn 
[2014.10.18-17.39.43:991][332]LogBlueprint:Warning: [compiler] Warning [0021.73] Compile of VRPlayerController successful, but with 4 Warning(s) [in 44 ms]
[2014.10.18-17.39.44:041][332]LogBlueprint:Warning: [compiler] Warning Unable to find function with name 'GetControlledPawn' for  Get Controlled Pawn 
[2014.10.18-17.39.44:041][332]LogBlueprint:Warning: [compiler] Warning Unable to find function with name 'GetControlledPawn' for  Get Controlled Pawn 
[2014.10.18-17.39.44:064][332]LogBlueprint:Warning: [compiler] Warning Could not find the function 'GetControlledPawn' called from  Get Controlled Pawn 
[2014.10.18-17.39.44:064][332]LogBlueprint:Warning: [compiler] Warning Could not find the function 'GetControlledPawn' called from  Get Controlled Pawn 
[2014.10.18-17.39.44:069][332]LogBlueprint:Warning: [compiler] Warning [0021.81] Compile of VRPlayerController successful, but with 4 Warning(s) [in 43 ms]
[2014.10.18-17.39.44:138][332]LogBlueprint:Warning: [compiler] Warning Function ' Get Player Controller ' is unsafe to call in a construction script.
[2014.10.18-17.39.44:196][332]LogBlueprint:Warning: [compiler] Warning [0021.94] Compile of ContextMenu successful, but with 1 Warning(s) [in 76 ms]
[2014.10.18-17.39.44:315][332]LogWorld: Game class is 'VRGameMode_C'
[2014.10.18-17.39.44:317][332]LogAIModule: Creating AISystem for world TheFunHouse
[2014.10.18-17.39.44:318][332]LogWorld: Bringing World /Game/Maps/UEDPIE_0_TheFunHouse.TheFunHouse up for play (max tick rate 0) at 2014.10.18-13.39.44
[2014.10.18-17.39.44:318][332]LogWorld: Bringing up level for play took: 0.001078
[2014.10.18-17.39.44:321][332]Cmd: oculusdev on 
[2014.10.18-17.39.44:321][332]Command not recognized: oculusdev on 
[2014.10.18-17.39.44:321][332]Cmd: hmdwarp 1=1 
[2014.10.18-17.39.44:321][332]Command not recognized:  hmdwarp 1=1 
[2014.10.18-17.39.44:321][332]Cmd: hmdwarp s=1.3 
[2014.10.18-17.39.44:321][332]Command not recognized:  hmdwarp s=1.3 
[2014.10.18-17.39.44:321][332]Cmd: hmd sp 130.0
[2014.10.18-17.39.44:321][332]Command not recognized:  hmd sp 130.0
[2014.10.18-17.39.44:321][332]LogClass: InterfaceDelegate passed: P_Pedestal_C_2
[2014.10.18-17.39.44:323][332]LogClass: Myo Hub Initialized.
[2014.10.18-17.39.44:323][332]LogClass: Myo Delegate Set (should only be called once per begin play or you have duplicates).
[2014.10.18-17.39.44:324][332]PIE: Info Play in editor start time for /Game/Maps/UEDPIE_0_TheFunHouse 2.353
[2014.10.18-17.39.57:099][439]LogClass: Myo 1  has connected.
[2014.10.18-17.40.37:196][968]LogClass: Myo Hub Shutdown.
[2014.10.18-17.40.37:267][968]LogParticles: Destroying 0 GPU particle simulations for FXSystem 0x000000526F48B9C0
[2014.10.18-17.40.39:592][140]Cmd: QUIT_EDITOR
[2014.10.18-17.40.39:885][140]LogExit: Preparing to exit.
[2014.10.18-17.40.40:471][140]LogExit: Editor shut down
[2014.10.18-17.40.40:472][140]LogExit: Transaction tracking system shut down
[2014.10.18-17.40.40:472][140]LogParticles: Destroying 0 GPU particle simulations for FXSystem 0x0000005262290900
[2014.10.18-17.40.40:473][140]LogParticles: Destroying 0 GPU particle simulations for FXSystem 0x000000526F2C5C60
[2014.10.18-17.40.40:473][140]LogParticles: Destroying 0 GPU particle simulations for FXSystem 0x0000005272B47420
[2014.10.18-17.40.40:494][140]LogExit: Object subsystem successfully closed.
[2014.10.18-17.40.40:534][140]LogModuleManager: Shutting down and abandoning module AndroidDeviceDetection (167)
[2014.10.18-17.40.40:534][140]LogModuleManager: Shutting down and abandoning module CrashTracker (166)
[2014.10.18-17.40.40:534][140]LogModuleManager: Shutting down and abandoning module SuperSearch (165)
[2014.10.18-17.40.40:534][140]LogModuleManager: Shutting down and abandoning module SceneOutliner (164)
[2014.10.18-17.40.40:534][140]LogModuleManager: Shutting down and abandoning module EditorWidgets (163)
[2014.10.18-17.40.40:534][140]LogModuleManager: Shutting down and abandoning module CollectionManager (162)
[2014.10.18-17.40.40:534][140]LogModuleManager: Shutting down and abandoning module StatsViewer (161)
[2014.10.18-17.40.40:534][140]LogModuleManager: Shutting down and abandoning module FoliageEdit (160)
[2014.10.18-17.40.40:534][140]LogModuleManager: Shutting down and abandoning module LandscapeEditor (159)
[2014.10.18-17.40.40:534][140]LogModuleManager: Shutting down and abandoning module MeshPaint (158)
[2014.10.18-17.40.40:534][140]LogModuleManager: Shutting down and abandoning module ActorPickerMode (157)
[2014.10.18-17.40.40:534][140]LogModuleManager: Shutting down and abandoning module GeometryMode (156)
[2014.10.18-17.40.40:534][140]LogModuleManager: Shutting down and abandoning module TextureAlignMode (155)
[2014.10.18-17.40.40:534][140]LogModuleManager: Shutting down and abandoning module BspMode (154)
[2014.10.18-17.40.40:534][140]LogModuleManager: Shutting down and abandoning module PlacementMode (153)
[2014.10.18-17.40.40:534][140]LogModuleManager: Shutting down and abandoning module AutomationWorker (152)
[2014.10.18-17.40.40:534][140]LogModuleManager: Shutting down and abandoning module CharacterAI (151)
[2014.10.18-17.40.40:534][140]LogModuleManager: Shutting down and abandoning module GameProjectGeneration (150)
[2014.10.18-17.40.40:534][140]LogModuleManager: Shutting down and abandoning module IntroTutorials (149)
[2014.10.18-17.40.40:534][140]LogModuleManager: Shutting down and abandoning module EditorLiveStreaming (148)
[2014.10.18-17.40.40:534][140]LogModuleManager: Shutting down and abandoning module HardwareTargeting (147)
[2014.10.18-17.40.40:534][140]LogModuleManager: Shutting down and abandoning module BehaviorTreeEditor (146)
[2014.10.18-17.40.40:534][140]LogModuleManager: Shutting down and abandoning module DeviceProfileEditor (145)
[2014.10.18-17.40.40:534][140]LogModuleManager: Shutting down and abandoning module UndoHistory (144)
[2014.10.18-17.40.40:534][140]LogModuleManager: Shutting down and abandoning module GameplayTagsEditor (143)
[2014.10.18-17.40.40:534][140]LogModuleManager: Shutting down and abandoning module UserFeedback (142)
[2014.10.18-17.40.40:534][140]LogModuleManager: Shutting down and abandoning module XmlParser (141)
[2014.10.18-17.40.40:534][140]LogModuleManager: Shutting down and abandoning module Blutility (140)
[2014.10.18-17.40.40:534][140]LogModuleManager: Shutting down and abandoning module IOSPlatformEditor (139)
[2014.10.18-17.40.40:534][140]LogModuleManager: Shutting down and abandoning module IOSRuntimeSettings (138)
[2014.10.18-17.40.40:534][140]LogModuleManager: Shutting down and abandoning module AndroidPlatformEditor (137)
[2014.10.18-17.40.40:534][140]LogModuleManager: Shutting down and abandoning module AndroidRuntimeSettings (136)
[2014.10.18-17.40.40:534][140]LogModuleManager: Shutting down and abandoning module ProjectTargetPlatformEditor (135)
[2014.10.18-17.40.40:534][140]LogModuleManager: Shutting down and abandoning module ProjectSettingsViewer (134)
[2014.10.18-17.40.40:534][140]LogModuleManager: Shutting down and abandoning module InputBindingEditor (133)
[2014.10.18-17.40.40:535][140]LogModuleManager: Shutting down and abandoning module EditorSettingsViewer (132)
[2014.10.18-17.40.40:535][140]LogModuleManager: Shutting down and abandoning module SettingsEditor (131)
[2014.10.18-17.40.40:535][140]LogModuleManager: Shutting down and abandoning module ProjectLauncher (130)
[2014.10.18-17.40.40:535][140]LogModuleManager: Shutting down and abandoning module SessionFrontend (129)
[2014.10.18-17.40.40:535][140]LogModuleManager: Shutting down and abandoning module ProfilerClient (128)
[2014.10.18-17.40.40:535][140]LogModuleManager: Shutting down and abandoning module TargetDeviceServices (127)
[2014.10.18-17.40.40:535][140]LogModuleManager: Shutting down and abandoning module DeviceManager (126)
[2014.10.18-17.40.40:535][140]LogModuleManager: Shutting down and abandoning module AutomationController (125)
[2014.10.18-17.40.40:535][140]LogModuleManager: Shutting down and abandoning module AutomationWindow (124)
[2014.10.18-17.40.40:535][140]LogModuleManager: Shutting down and abandoning module Layers (123)
[2014.10.18-17.40.40:535][140]LogModuleManager: Shutting down and abandoning module ComponentVisualizers (122)
[2014.10.18-17.40.40:535][140]LogModuleManager: Shutting down and abandoning module DetailCustomizations (121)
[2014.10.18-17.40.40:535][140]LogModuleManager: Shutting down and abandoning module PackagesDialog (120)
[2014.10.18-17.40.40:535][140]LogModuleManager: Shutting down and abandoning module AssetRegistry (119)
[2014.10.18-17.40.40:551][140]LogModuleManager: Shutting down and abandoning module Persona (118)
[2014.10.18-17.40.40:551][140]LogModuleManager: Shutting down and abandoning module Kismet (117)
[2014.10.18-17.40.40:551][140]LogModuleManager: Shutting down and abandoning module GraphEditor (116)
[2014.10.18-17.40.40:551][140]LogModuleManager: Shutting down and abandoning module ClassViewer (115)
[2014.10.18-17.40.40:551][140]LogModuleManager: Shutting down and abandoning module Toolbox (114)
[2014.10.18-17.40.40:551][140]LogModuleManager: Shutting down and abandoning module ModuleUI (113)
[2014.10.18-17.40.40:551][140]LogModuleManager: Shutting down and abandoning module MovieSceneTools (112)
[2014.10.18-17.40.40:551][140]LogModuleManager: Shutting down and abandoning module OutputLog (111)
[2014.10.18-17.40.40:551][140]LogModuleManager: Shutting down and abandoning module GammaUI (110)
[2014.10.18-17.40.40:551][140]LogModuleManager: Shutting down and abandoning module Documentation (109)
[2014.10.18-17.40.40:551][140]LogModuleManager: Shutting down and abandoning module GameLiveStreaming (108)
[2014.10.18-17.40.40:551][140]LogModuleManager: Shutting down and abandoning module StreamingPauseRendering (107)
[2014.10.18-17.40.40:551][140]LogModuleManager: Shutting down and abandoning module HTTP (106)
[2014.10.18-17.40.40:551][140]LogModuleManager: Shutting down and abandoning module AnalyticsET (105)
[2014.10.18-17.40.40:551][140]LogModuleManager: Shutting down and abandoning module Analytics (104)
[2014.10.18-17.40.40:551][140]LogModuleManager: Shutting down and abandoning module GameplayDebugger (103)
[2014.10.18-17.40.40:551][140]LogModuleManager: Shutting down and abandoning module AIModule (102)
[2014.10.18-17.40.40:551][140]LogModuleManager: Shutting down and abandoning module ProfilerService (101)
[2014.10.18-17.40.40:749][140]LogModuleManager: Shutting down and abandoning module TaskGraph (100)
[2014.10.18-17.40.40:749][140]LogModuleManager: Shutting down and abandoning module MyoPlugin (99)
[2014.10.18-17.40.40:749][140]LogModuleManager: Shutting down and abandoning module SlateRemote (98)
[2014.10.18-17.40.40:749][140]LogModuleManager: Shutting down and abandoning module ScriptEditorPlugin (97)
[2014.10.18-17.40.40:749][140]LogModuleManager: Shutting down and abandoning module CustomMeshComponent (96)
[2014.10.18-17.40.40:749][140]LogModuleManager: Shutting down and abandoning module CableComponent (95)
[2014.10.18-17.40.40:749][140]LogModuleManager: Shutting down and abandoning module MessagingDebugger (94)
[2014.10.18-17.40.40:749][140]LogModuleManager: Shutting down and abandoning module MediaPlayerEditor (93)
[2014.10.18-17.40.40:749][140]LogModuleManager: Shutting down and abandoning module SpeedTreeImporter (92)
[2014.10.18-17.40.40:749][140]LogModuleManager: Shutting down and abandoning module PluginsEditor (91)
[2014.10.18-17.40.40:749][140]LogModuleManager: Shutting down and abandoning module EpicSurvey (90)
[2014.10.18-17.40.40:749][140]LogModuleManager: Shutting down and abandoning module DesktopPlatform (89)
[2014.10.18-17.40.40:749][140]LogModuleManager: Shutting down and abandoning module VisualStudioSourceCodeAccess (88)
[2014.10.18-17.40.40:749][140]LogModuleManager: Shutting down and abandoning module UObjectPlugin (87)
[2014.10.18-17.40.40:749][140]LogModuleManager: Shutting down and abandoning module SubversionSourceControl (86)
[2014.10.18-17.40.40:749][140]LogModuleManager: Shutting down and abandoning module SourceControl (85)
[2014.10.18-17.40.40:749][140]LogModuleManager: Shutting down and abandoning module PerforceSourceControl (84)
[2014.10.18-17.40.40:749][140]LogModuleManager: Shutting down and abandoning module BlankPlugin (83)
[2014.10.18-17.40.40:749][140]LogModuleManager: Shutting down and abandoning module SlateReflector (82)
[2014.10.18-17.40.40:749][140]LogModuleManager: Shutting down and abandoning module DirectoryWatcher (81)
[2014.10.18-17.40.40:749][140]LogModuleManager: Shutting down and abandoning module HotReload (80)
[2014.10.18-17.40.40:749][140]LogModuleManager: Shutting down and abandoning module MainFrame (79)
[2014.10.18-17.40.40:749][140]LogModuleManager: Shutting down and abandoning module LevelEditor (78)
[2014.10.18-17.40.40:750][140]LogModuleManager: Shutting down and abandoning module ViewportSnapping (77)
[2014.10.18-17.40.40:750][140]LogModuleManager: Shutting down and abandoning module SmartSnapping (76)
[2014.10.18-17.40.40:750][140]LogModuleManager: Shutting down and abandoning module PaperTiledImporter (75)
[2014.10.18-17.40.40:750][140]LogModuleManager: Shutting down and abandoning module PaperJsonImporter (74)
[2014.10.18-17.40.40:750][140]LogModuleManager: Shutting down and abandoning module ContentBrowser (73)
[2014.10.18-17.40.40:750][140]LogModuleManager: Shutting down and abandoning module PropertyEditor (72)
[2014.10.18-17.40.40:750][140]LogModuleManager: Shutting down and abandoning module Paper2DEditor (71)
[2014.10.18-17.40.40:750][140]LogModuleManager: Shutting down and abandoning module ScriptPlugin (70)
[2014.10.18-17.40.40:750][140]LogModuleManager: Shutting down and abandoning module UdpMessaging (69)
[2014.10.18-17.40.40:851][140]LogModuleManager: Shutting down and abandoning module Paper2D (68)
[2014.10.18-17.40.40:851][140]LogModuleManager: Shutting down and abandoning module WindowsMoviePlayer (67)
[2014.10.18-17.40.40:853][140]LogModuleManager: Shutting down and abandoning module Media (66)
[2014.10.18-17.40.40:853][140]LogModuleManager: Shutting down and abandoning module WmfMedia (65)
[2014.10.18-17.40.40:853][140]LogModuleManager: Shutting down and abandoning module OnlineBlueprintSupport (64)
[2014.10.18-17.40.40:853][140]LogModuleManager: Shutting down and abandoning module FunctionalTesting (63)
[2014.10.18-17.40.40:853][140]LogModuleManager: Shutting down and abandoning module CollisionAnalyzer (62)
[2014.10.18-17.40.40:853][140]LogModuleManager: Shutting down and abandoning module WorkspaceMenuStructure (61)
[2014.10.18-17.40.40:853][140]LogModuleManager: Shutting down and abandoning module MessageLog (60)
[2014.10.18-17.40.40:853][140]LogModuleManager: Shutting down and abandoning module Sequencer (59)
[2014.10.18-17.40.40:853][140]LogModuleManager: Shutting down and abandoning module AssetTools (58)
[2014.10.18-17.40.40:853][140]LogModuleManager: Shutting down and abandoning module UMGEditor (57)
[2014.10.18-17.40.40:853][140]LogModuleManager: Shutting down and abandoning module UMG (56)
[2014.10.18-17.40.40:853][140]LogModuleManager: Shutting down and abandoning module Slate (55)
[2014.10.18-17.40.40:853][140]LogModuleManager: Shutting down and abandoning module EditorStyle (54)
[2014.10.18-17.40.40:855][140]LogModuleManager: Shutting down and abandoning module SessionServices (53)
[2014.10.18-17.40.40:855][140]LogModuleManager: Shutting down and abandoning module SourceCodeAccess (52)
[2014.10.18-17.40.40:855][140]LogModuleManager: Shutting down and abandoning module HeadMountedDisplay (51)
[2014.10.18-17.40.40:855][140]LogModuleManager: Shutting down and abandoning module XAudio2 (50)
[2014.10.18-17.40.40:855][140]LogModuleManager: Shutting down and abandoning module Networking (48)
[2014.10.18-17.40.40:855][140]LogModuleManager: Shutting down and abandoning module Core (47)
[2014.10.18-17.40.40:855][140]LogModuleManager: Shutting down and abandoning module KismetCompiler (46)
[2014.10.18-17.40.40:855][140]LogModuleManager: Shutting down and abandoning module PhysXFormats (45)
[2014.10.18-17.40.40:855][140]LogModuleManager: Shutting down and abandoning module MeshUtilities (44)
[2014.10.18-17.40.40:855][140]LogModuleManager: Shutting down and abandoning module DerivedDataCache (43)
[2014.10.18-17.40.41:181][140]LogDerivedDataCache: Shutdown
[2014.10.18-17.40.41:181][140]LogModuleManager: Shutting down and abandoning module ShaderFormatOpenGL (42)
[2014.10.18-17.40.41:181][140]LogModuleManager: Shutting down and abandoning module ShaderFormatD3D (41)
[2014.10.18-17.40.41:181][140]LogModuleManager: Shutting down and abandoning module MetalShaderFormat (40)
[2014.10.18-17.40.41:181][140]LogModuleManager: Shutting down and abandoning module TextureFormatUncompressed (39)
[2014.10.18-17.40.41:181][140]LogModuleManager: Shutting down and abandoning module TextureFormatPVR (38)
[2014.10.18-17.40.41:181][140]LogModuleManager: Shutting down and abandoning module TextureFormatDXT (37)
[2014.10.18-17.40.41:181][140]LogModuleManager: Shutting down and abandoning module TextureFormatAndroid (36)
[2014.10.18-17.40.41:181][140]LogModuleManager: Shutting down and abandoning module AudioFormatOpus (35)
[2014.10.18-17.40.41:181][140]LogModuleManager: Shutting down and abandoning module AudioFormatOgg (34)
[2014.10.18-17.40.41:181][140]LogModuleManager: Shutting down and abandoning module AudioFormatADPCM (33)
[2014.10.18-17.40.41:181][140]LogModuleManager: Shutting down and abandoning module Messaging (32)
[2014.10.18-17.40.41:181][140]LogModuleManager: Shutting down and abandoning module IOSTargetPlatform (31)
[2014.10.18-17.40.41:181][140]LogModuleManager: Shutting down and abandoning module Android_PVRTCTargetPlatform (30)
[2014.10.18-17.40.41:181][140]LogModuleManager: Shutting down and abandoning module Android_ETC2TargetPlatform (29)
[2014.10.18-17.40.41:181][140]LogModuleManager: Shutting down and abandoning module Android_ETC1TargetPlatform (28)
[2014.10.18-17.40.41:181][140]LogModuleManager: Shutting down and abandoning module Android_DXTTargetPlatform (27)
[2014.10.18-17.40.41:181][140]LogModuleManager: Shutting down and abandoning module Android_ATCTargetPlatform (26)
[2014.10.18-17.40.41:181][140]LogModuleManager: Shutting down and abandoning module AndroidTargetPlatform (25)
[2014.10.18-17.40.41:181][140]LogModuleManager: Shutting down and abandoning module WindowsTargetPlatform (24)
[2014.10.18-17.40.41:181][140]LogModuleManager: Shutting down and abandoning module WindowsServerTargetPlatform (23)
[2014.10.18-17.40.41:181][140]LogModuleManager: Shutting down and abandoning module WindowsNoEditorTargetPlatform (22)
[2014.10.18-17.40.41:181][140]LogModuleManager: Shutting down and abandoning module WindowsClientTargetPlatform (21)
[2014.10.18-17.40.41:181][140]LogModuleManager: Shutting down and abandoning module TargetPlatform (20)
[2014.10.18-17.40.41:181][140]LogModuleManager: Shutting down and abandoning module InputCore (19)
[2014.10.18-17.40.41:181][140]LogModuleManager: Shutting down and abandoning module Settings (18)
[2014.10.18-17.40.41:181][140]LogModuleManager: Shutting down and abandoning module ImageWrapper (17)
[2014.10.18-17.40.41:181][140]LogModuleManager: Shutting down and abandoning module OculusRift (14)
[2014.10.18-17.40.41:181][140]LogModuleManager: Shutting down and abandoning module ExampleDeviceProfileSelector (13)
[2014.10.18-17.40.41:181][140]LogModuleManager: Shutting down and abandoning module TextureCompressor (12)
[2014.10.18-17.40.41:181][140]LogModuleManager: Shutting down and abandoning module ShaderCore (11)
[2014.10.18-17.40.41:181][140]LogModuleManager: Shutting down and abandoning module SlateRHIRenderer (10)
[2014.10.18-17.40.41:182][140]LogModuleManager: Shutting down and abandoning module OpenGLDrv (9)
[2014.10.18-17.40.41:182][140]LogModuleManager: Shutting down and abandoning module D3D11RHI (8)
[2014.10.18-17.40.41:182][140]LogModuleManager: Shutting down and abandoning module Renderer (7)
[2014.10.18-17.40.41:182][140]LogModuleManager: Shutting down and abandoning module Engine (6)
[2014.10.18-17.40.41:182][140]LogModuleManager: Shutting down and abandoning module CoreUObject (5)
[2014.10.18-17.40.41:182][140]LogModuleManager: Shutting down and abandoning module NetworkFile (4)
[2014.10.18-17.40.41:182][140]LogModuleManager: Shutting down and abandoning module StreamingFile (3)
[2014.10.18-17.40.41:182][140]LogModuleManager: Shutting down and abandoning module SandboxFile (2)
[2014.10.18-17.40.41:182][140]LogModuleManager: Shutting down and abandoning module PakFile (1)
[2014.10.18-17.40.41:182][140]LogExit: Exiting.
[2014.10.18-17.40.41:186][140]Log file closed, 10/18/14 13:40:41
